# JRE version: Java(TM) SE Runtime Environment (8.0_66-b18) (build 1.8.0_66-b18)
# Java VM: Java HotSpot(TM) 64-Bit Server VM (25.66-b18 mixed mode windows-amd64 compressed oops)
Heap:
 PSYoungGen      total 147968K, used 42745K [0x00000000f5580000, 0x00000000ff900000, 0x0000000100000000)
  eden space 129536K, 32% used [0x00000000f5580000,0x00000000f7f3e5a0,0x00000000fd400000)
  from space 18432K, 0% used [0x00000000fe700000,0x00000000fe700000,0x00000000ff900000)
  to   space 18944K, 0% used [0x00000000fd400000,0x00000000fd400000,0x00000000fe680000)
 ParOldGen       total 91648K, used 59736K [0x00000000e0000000, 0x00000000e5980000, 0x00000000f5580000)
  object space 91648K, 65% used [0x00000000e0000000,0x00000000e3a56310,0x00000000e5980000)
 Metaspace       used 99770K, capacity 107384K, committed 107544K, reserved 1142784K
  class space    used 11773K, capacity 14040K, committed 14128K, reserved 1048576K
GC Heap History (10 events):
Event: 953.929 GC heap before
{Heap before GC invocations=53 (full 17):
 PSYoungGen      total 148992K, used 1830K [0x00000000f5580000, 0x00000000ffb00000, 0x0000000100000000)
  eden space 129536K, 0% used [0x00000000f5580000,0x00000000f5580000,0x00000000fd400000)
  from space 19456K, 9% used [0x00000000fe800000,0x00000000fe9c9908,0x00000000ffb00000)
  to   space 19968K, 0% used [0x00000000fd400000,0x00000000fd400000,0x00000000fe780000)
 ParOldGen       total 91648K, used 60319K [0x00000000e0000000, 0x00000000e5980000, 0x00000000f5580000)
  object space 91648K, 65% used [0x00000000e0000000,0x00000000e3ae7ef8,0x00000000e5980000)
 Metaspace       used 99063K, capacity 106664K, committed 106904K, reserved 1142784K
  class space    used 11697K, capacity 13910K, committed 14000K, reserved 1048576K
Event: 954.229 GC heap after
Heap after GC invocations=53 (full 17):
 PSYoungGen      total 148992K, used 0K [0x00000000f5580000, 0x00000000ffb00000, 0x0000000100000000)
  eden space 129536K, 0% used [0x00000000f5580000,0x00000000f5580000,0x00000000fd400000)
  from space 19456K, 0% used [0x00000000fe800000,0x00000000fe800000,0x00000000ffb00000)
  to   space 19968K, 0% used [0x00000000fd400000,0x00000000fd400000,0x00000000fe780000)
 ParOldGen       total 91648K, used 60890K [0x00000000e0000000, 0x00000000e5980000, 0x00000000f5580000)
  object space 91648K, 66% used [0x00000000e0000000,0x00000000e3b76b48,0x00000000e5980000)
 Metaspace       used 99063K, capacity 106664K, committed 106904K, reserved 1142784K
  class space    used 11697K, capacity 13910K, committed 14000K, reserved 1048576K
}
Event: 1013.916 GC heap before
{Heap before GC invocations=54 (full 17):
 PSYoungGen      total 148992K, used 3115K [0x00000000f5580000, 0x00000000ffb00000, 0x0000000100000000)
  eden space 129536K, 2% used [0x00000000f5580000,0x00000000f588aec0,0x00000000fd400000)
  from space 19456K, 0% used [0x00000000fe800000,0x00000000fe800000,0x00000000ffb00000)
  to   space 19968K, 0% used [0x00000000fd400000,0x00000000fd400000,0x00000000fe780000)
 ParOldGen       total 91648K, used 60890K [0x00000000e0000000, 0x00000000e5980000, 0x00000000f5580000)
  object space 91648K, 66% used [0x00000000e0000000,0x00000000e3b76b48,0x00000000e5980000)
 Metaspace       used 99063K, capacity 106664K, committed 106904K, reserved 1142784K
  class space    used 11697K, capacity 13910K, committed 14000K, reserved 1048576K
Event: 1013.931 GC heap after
Heap after GC invocations=54 (full 17):
 PSYoungGen      total 130048K, used 128K [0x00000000f5580000, 0x00000000ffa00000, 0x0000000100000000)
  eden space 129536K, 0% used [0x00000000f5580000,0x00000000f5580000,0x00000000fd400000)
  from space 512K, 25% used [0x00000000fd400000,0x00000000fd420000,0x00000000fd480000)
  to   space 19456K, 0% used [0x00000000fe700000,0x00000000fe700000,0x00000000ffa00000)
 ParOldGen       total 91648K, used 60890K [0x00000000e0000000, 0x00000000e5980000, 0x00000000f5580000)
  object space 91648K, 66% used [0x00000000e0000000,0x00000000e3b76b48,0x00000000e5980000)
 Metaspace       used 99063K, capacity 106664K, committed 106904K, reserved 1142784K
  class space    used 11697K, capacity 13910K, committed 14000K, reserved 1048576K
}
Event: 1013.931 GC heap before
{Heap before GC invocations=55 (full 18):
 PSYoungGen      total 130048K, used 128K [0x00000000f5580000, 0x00000000ffa00000, 0x0000000100000000)
  eden space 129536K, 0% used [0x00000000f5580000,0x00000000f5580000,0x00000000fd400000)
  from space 512K, 25% used [0x00000000fd400000,0x00000000fd420000,0x00000000fd480000)
  to   space 19456K, 0% used [0x00000000fe700000,0x00000000fe700000,0x00000000ffa00000)
 ParOldGen       total 91648K, used 60890K [0x00000000e0000000, 0x00000000e5980000, 0x00000000f5580000)
  object space 91648K, 66% used [0x00000000e0000000,0x00000000e3b76b48,0x00000000e5980000)
 Metaspace       used 99063K, capacity 106664K, committed 106904K, reserved 1142784K
  class space    used 11697K, capacity 13910K, committed 14000K, reserved 1048576K
Event: 1014.216 GC heap after
Heap after GC invocations=55 (full 18):
 PSYoungGen      total 130048K, used 0K [0x00000000f5580000, 0x00000000ffa00000, 0x0000000100000000)
  eden space 129536K, 0% used [0x00000000f5580000,0x00000000f5580000,0x00000000fd400000)
  from space 512K, 0% used [0x00000000fd400000,0x00000000fd400000,0x00000000fd480000)
  to   space 19456K, 0% used [0x00000000fe700000,0x00000000fe700000,0x00000000ffa00000)
 ParOldGen       total 91648K, used 60448K [0x00000000e0000000, 0x00000000e5980000, 0x00000000f5580000)
  object space 91648K, 65% used [0x00000000e0000000,0x00000000e3b08330,0x00000000e5980000)
 Metaspace       used 99063K, capacity 106664K, committed 106904K, reserved 1142784K
  class space    used 11697K, capacity 13910K, committed 14000K, reserved 1048576K
}
Event: 1073.921 GC heap before
{Heap before GC invocations=56 (full 18):
 PSYoungGen      total 130048K, used 2966K [0x00000000f5580000, 0x00000000ffa00000, 0x0000000100000000)
  eden space 129536K, 2% used [0x00000000f5580000,0x00000000f5865b78,0x00000000fd400000)
  from space 512K, 0% used [0x00000000fd400000,0x00000000fd400000,0x00000000fd480000)
  to   space 19456K, 0% used [0x00000000fe700000,0x00000000fe700000,0x00000000ffa00000)
 ParOldGen       total 91648K, used 60448K [0x00000000e0000000, 0x00000000e5980000, 0x00000000f5580000)
  object space 91648K, 65% used [0x00000000e0000000,0x00000000e3b08330,0x00000000e5980000)
 Metaspace       used 99063K, capacity 106664K, committed 106904K, reserved 1142784K
  class space    used 11697K, capacity 13910K, committed 14000K, reserved 1048576K
Event: 1073.932 GC heap after
Heap after GC invocations=56 (full 18):
 PSYoungGen      total 147968K, used 160K [0x00000000f5580000, 0x00000000ff900000, 0x0000000100000000)
  eden space 129536K, 0% used [0x00000000f5580000,0x00000000f5580000,0x00000000fd400000)
  from space 18432K, 0% used [0x00000000fe700000,0x00000000fe728000,0x00000000ff900000)
  to   space 18944K, 0% used [0x00000000fd400000,0x00000000fd400000,0x00000000fe680000)
 ParOldGen       total 91648K, used 60448K [0x00000000e0000000, 0x00000000e5980000, 0x00000000f5580000)
  object space 91648K, 65% used [0x00000000e0000000,0x00000000e3b08330,0x00000000e5980000)
 Metaspace       used 99063K, capacity 106664K, committed 106904K, reserved 1142784K
  class space    used 11697K, capacity 13910K, committed 14000K, reserved 1048576K
}
Event: 1073.933 GC heap before
{Heap before GC invocations=57 (full 19):
 PSYoungGen      total 147968K, used 160K [0x00000000f5580000, 0x00000000ff900000, 0x0000000100000000)
  eden space 129536K, 0% used [0x00000000f5580000,0x00000000f5580000,0x00000000fd400000)
  from space 18432K, 0% used [0x00000000fe700000,0x00000000fe728000,0x00000000ff900000)
  to   space 18944K, 0% used [0x00000000fd400000,0x00000000fd400000,0x00000000fe680000)
 ParOldGen       total 91648K, used 60448K [0x00000000e0000000, 0x00000000e5980000, 0x00000000f5580000)
  object space 91648K, 65% used [0x00000000e0000000,0x00000000e3b08330,0x00000000e5980000)
 Metaspace       used 99063K, capacity 106664K, committed 106904K, reserved 1142784K
  class space    used 11697K, capacity 13910K, committed 14000K, reserved 1048576K
Event: 1074.307 GC heap after
Heap after GC invocations=57 (full 19):
 PSYoungGen      total 147968K, used 0K [0x00000000f5580000, 0x00000000ff900000, 0x0000000100000000)
  eden space 129536K, 0% used [0x00000000f5580000,0x00000000f5580000,0x00000000fd400000)
  from space 18432K, 0% used [0x00000000fe700000,0x00000000fe700000,0x00000000ff900000)
  to   space 18944K, 0% used [0x00000000fd400000,0x00000000fd400000,0x00000000fe680000)
 ParOldGen       total 91648K, used 59736K [0x00000000e0000000, 0x00000000e5980000, 0x00000000f5580000)
  object space 91648K, 65% used [0x00000000e0000000,0x00000000e3a56310,0x00000000e5980000)
 Metaspace       used 99056K, capacity 106652K, committed 106904K, reserved 1142784K
  class space    used 11696K, capacity 13908K, committed 14000K, reserved 1048576K
}

