# JRE version: Java(TM) SE Runtime Environment (8.0_66-b18) (build 1.8.0_66-b18)
# Java VM: Java HotSpot(TM) 64-Bit Server VM (25.66-b18 mixed mode windows-amd64 compressed oops)
Heap:
 PSYoungGen      total 150016K, used 33599K [0x00000000f5580000, 0x00000000ffe00000, 0x0000000100000000)
  eden space 127488K, 26% used [0x00000000f5580000,0x00000000f764fd70,0x00000000fd200000)
  from space 22528K, 0% used [0x00000000fe800000,0x00000000fe800000,0x00000000ffe00000)
  to   space 22528K, 0% used [0x00000000fd200000,0x00000000fd200000,0x00000000fe800000)
 ParOldGen       total 96768K, used 58109K [0x00000000e0000000, 0x00000000e5e80000, 0x00000000f5580000)
  object space 96768K, 60% used [0x00000000e0000000,0x00000000e38bf7e0,0x00000000e5e80000)
 Metaspace       used 99497K, capacity 106824K, committed 107056K, reserved 1142784K
  class space    used 11797K, capacity 14026K, committed 14128K, reserved 1048576K
GC Heap History (10 events):
Event: 627.735 GC heap before
{Heap before GC invocations=40 (full 12):
 PSYoungGen      total 150016K, used 1953K [0x00000000f5580000, 0x00000000fff00000, 0x0000000100000000)
  eden space 127488K, 0% used [0x00000000f5580000,0x00000000f5580000,0x00000000fd200000)
  from space 22528K, 8% used [0x00000000fe900000,0x00000000feae85d8,0x00000000fff00000)
  to   space 23040K, 0% used [0x00000000fd200000,0x00000000fd200000,0x00000000fe880000)
 ParOldGen       total 96768K, used 59698K [0x00000000e0000000, 0x00000000e5e80000, 0x00000000f5580000)
  object space 96768K, 61% used [0x00000000e0000000,0x00000000e3a4c990,0x00000000e5e80000)
 Metaspace       used 98946K, capacity 106362K, committed 106672K, reserved 1142784K
  class space    used 11744K, capacity 13894K, committed 14000K, reserved 1048576K
Event: 628.115 GC heap after
Heap after GC invocations=40 (full 12):
 PSYoungGen      total 150016K, used 0K [0x00000000f5580000, 0x00000000fff00000, 0x0000000100000000)
  eden space 127488K, 0% used [0x00000000f5580000,0x00000000f5580000,0x00000000fd200000)
  from space 22528K, 0% used [0x00000000fe900000,0x00000000fe900000,0x00000000fff00000)
  to   space 23040K, 0% used [0x00000000fd200000,0x00000000fd200000,0x00000000fe880000)
 ParOldGen       total 96768K, used 59462K [0x00000000e0000000, 0x00000000e5e80000, 0x00000000f5580000)
  object space 96768K, 61% used [0x00000000e0000000,0x00000000e3a11a20,0x00000000e5e80000)
 Metaspace       used 98946K, capacity 106362K, committed 106672K, reserved 1142784K
  class space    used 11744K, capacity 13894K, committed 14000K, reserved 1048576K
}
Event: 687.718 GC heap before
{Heap before GC invocations=41 (full 12):
 PSYoungGen      total 150016K, used 3867K [0x00000000f5580000, 0x00000000fff00000, 0x0000000100000000)
  eden space 127488K, 3% used [0x00000000f5580000,0x00000000f5946f10,0x00000000fd200000)
  from space 22528K, 0% used [0x00000000fe900000,0x00000000fe900000,0x00000000fff00000)
  to   space 23040K, 0% used [0x00000000fd200000,0x00000000fd200000,0x00000000fe880000)
 ParOldGen       total 96768K, used 59462K [0x00000000e0000000, 0x00000000e5e80000, 0x00000000f5580000)
  object space 96768K, 61% used [0x00000000e0000000,0x00000000e3a11a20,0x00000000e5e80000)
 Metaspace       used 98946K, capacity 106362K, committed 106672K, reserved 1142784K
  class space    used 11744K, capacity 13894K, committed 14000K, reserved 1048576K
Event: 687.729 GC heap after
Heap after GC invocations=41 (full 12):
 PSYoungGen      total 128000K, used 192K [0x00000000f5580000, 0x00000000ffe00000, 0x0000000100000000)
  eden space 127488K, 0% used [0x00000000f5580000,0x00000000f5580000,0x00000000fd200000)
  from space 512K, 37% used [0x00000000fd200000,0x00000000fd230000,0x00000000fd280000)
  to   space 22528K, 0% used [0x00000000fe800000,0x00000000fe800000,0x00000000ffe00000)
 ParOldGen       total 96768K, used 59462K [0x00000000e0000000, 0x00000000e5e80000, 0x00000000f5580000)
  object space 96768K, 61% used [0x00000000e0000000,0x00000000e3a11a20,0x00000000e5e80000)
 Metaspace       used 98946K, capacity 106362K, committed 106672K, reserved 1142784K
  class space    used 11744K, capacity 13894K, committed 14000K, reserved 1048576K
}
Event: 687.730 GC heap before
{Heap before GC invocations=42 (full 13):
 PSYoungGen      total 128000K, used 192K [0x00000000f5580000, 0x00000000ffe00000, 0x0000000100000000)
  eden space 127488K, 0% used [0x00000000f5580000,0x00000000f5580000,0x00000000fd200000)
  from space 512K, 37% used [0x00000000fd200000,0x00000000fd230000,0x00000000fd280000)
  to   space 22528K, 0% used [0x00000000fe800000,0x00000000fe800000,0x00000000ffe00000)
 ParOldGen       total 96768K, used 59462K [0x00000000e0000000, 0x00000000e5e80000, 0x00000000f5580000)
  object space 96768K, 61% used [0x00000000e0000000,0x00000000e3a11a20,0x00000000e5e80000)
 Metaspace       used 98946K, capacity 106362K, committed 106672K, reserved 1142784K
  class space    used 11744K, capacity 13894K, committed 14000K, reserved 1048576K
Event: 688.146 GC heap after
Heap after GC invocations=42 (full 13):
 PSYoungGen      total 128000K, used 0K [0x00000000f5580000, 0x00000000ffe00000, 0x0000000100000000)
  eden space 127488K, 0% used [0x00000000f5580000,0x00000000f5580000,0x00000000fd200000)
  from space 512K, 0% used [0x00000000fd200000,0x00000000fd200000,0x00000000fd280000)
  to   space 22528K, 0% used [0x00000000fe800000,0x00000000fe800000,0x00000000ffe00000)
 ParOldGen       total 96768K, used 58642K [0x00000000e0000000, 0x00000000e5e80000, 0x00000000f5580000)
  object space 96768K, 60% used [0x00000000e0000000,0x00000000e3944bd0,0x00000000e5e80000)
 Metaspace       used 98939K, capacity 106350K, committed 106672K, reserved 1142784K
  class space    used 11743K, capacity 13892K, committed 14000K, reserved 1048576K
}
Event: 747.730 GC heap before
{Heap before GC invocations=43 (full 13):
 PSYoungGen      total 128000K, used 5345K [0x00000000f5580000, 0x00000000ffe00000, 0x0000000100000000)
  eden space 127488K, 4% used [0x00000000f5580000,0x00000000f5ab8528,0x00000000fd200000)
  from space 512K, 0% used [0x00000000fd200000,0x00000000fd200000,0x00000000fd280000)
  to   space 22528K, 0% used [0x00000000fe800000,0x00000000fe800000,0x00000000ffe00000)
 ParOldGen       total 96768K, used 58642K [0x00000000e0000000, 0x00000000e5e80000, 0x00000000f5580000)
  object space 96768K, 60% used [0x00000000e0000000,0x00000000e3944bd0,0x00000000e5e80000)
 Metaspace       used 98969K, capacity 106350K, committed 106672K, reserved 1142784K
  class space    used 11743K, capacity 13892K, committed 14000K, reserved 1048576K
Event: 747.734 GC heap after
Heap after GC invocations=43 (full 13):
 PSYoungGen      total 150016K, used 192K [0x00000000f5580000, 0x00000000ffe00000, 0x0000000100000000)
  eden space 127488K, 0% used [0x00000000f5580000,0x00000000f5580000,0x00000000fd200000)
  from space 22528K, 0% used [0x00000000fe800000,0x00000000fe830000,0x00000000ffe00000)
  to   space 22528K, 0% used [0x00000000fd200000,0x00000000fd200000,0x00000000fe800000)
 ParOldGen       total 96768K, used 58650K [0x00000000e0000000, 0x00000000e5e80000, 0x00000000f5580000)
  object space 96768K, 60% used [0x00000000e0000000,0x00000000e3946bd0,0x00000000e5e80000)
 Metaspace       used 98969K, capacity 106350K, committed 106672K, reserved 1142784K
  class space    used 11743K, capacity 13892K, committed 14000K, reserved 1048576K
}
Event: 747.734 GC heap before
{Heap before GC invocations=44 (full 14):
 PSYoungGen      total 150016K, used 192K [0x00000000f5580000, 0x00000000ffe00000, 0x0000000100000000)
  eden space 127488K, 0% used [0x00000000f5580000,0x00000000f5580000,0x00000000fd200000)
  from space 22528K, 0% used [0x00000000fe800000,0x00000000fe830000,0x00000000ffe00000)
  to   space 22528K, 0% used [0x00000000fd200000,0x00000000fd200000,0x00000000fe800000)
 ParOldGen       total 96768K, used 58650K [0x00000000e0000000, 0x00000000e5e80000, 0x00000000f5580000)
  object space 96768K, 60% used [0x00000000e0000000,0x00000000e3946bd0,0x00000000e5e80000)
 Metaspace       used 98969K, capacity 106350K, committed 106672K, reserved 1142784K
  class space    used 11743K, capacity 13892K, committed 14000K, reserved 1048576K
Event: 748.144 GC heap after
Heap after GC invocations=44 (full 14):
 PSYoungGen      total 150016K, used 0K [0x00000000f5580000, 0x00000000ffe00000, 0x0000000100000000)
  eden space 127488K, 0% used [0x00000000f5580000,0x00000000f5580000,0x00000000fd200000)
  from space 22528K, 0% used [0x00000000fe800000,0x00000000fe800000,0x00000000ffe00000)
  to   space 22528K, 0% used [0x00000000fd200000,0x00000000fd200000,0x00000000fe800000)
 ParOldGen       total 96768K, used 58109K [0x00000000e0000000, 0x00000000e5e80000, 0x00000000f5580000)
  object space 96768K, 60% used [0x00000000e0000000,0x00000000e38bf7e0,0x00000000e5e80000)
 Metaspace       used 98969K, capacity 106350K, committed 106672K, reserved 1142784K
  class space    used 11743K, capacity 13892K, committed 14000K, reserved 1048576K
}

